<?xml version="1.0" encoding="UTF-8"?>
<!-- Generated by org.testng.reporters.JUnitReportReporter -->
<testsuite skipped="0" hostname="DESKTOP-HKDJFK9" name="com.interview.hitachiSolutions.TestClass" tests="1" failures="0" timestamp="2023-06-19T19:14:38 IST" time="2.885" errors="0">
  <testcase name="VerifyAddressForIrvine" time="2.885" classname="com.interview.hitachiSolutions.TestClass"/>
  <system-out/>
</testsuite> <!-- com.interview.hitachiSolutions.TestClass -->
